*** Using Compiler 'V5.06 update 6 (build 750)', folder: 'E:\ARM\ARMCC\Bin'
Build target 'Target 1'
Note: source file '.\USER\SRC\stm32f4xx_it.c' - object file renamed from '.\Obj\stm32f4xx_it.o' to '.\Obj\stm32f4xx_it_1.o'.compiling can2.c...
compiling can1.c...
USER\SRC\can1.c(3): warning:  #177-D: variable "s16TempData"  was declared but never referenced
  static s16 s16TempData[4]; u16 u16TempData[4];
USER\SRC\can1.c: 1 warning, 0 errors
compiling elmo.c...
compiling main.c...
USER\SRC\main.c(88): warning:  #177-D: function "Task_VESC"  was declared but never referenced
  static void Task_VESC(void *pdata)
USER\SRC\main.c(110): warning:  #177-D: function "Task_PICKUPARROW"  was declared but never referenced
  static void Task_PICKUPARROW(void *pdata)
USER\SRC\main.c(127): warning:  #177-D: function "Task_SHOOTING"  was declared but never referenced
  static void Task_SHOOTING(void *pdata)
USER\SRC\main.c(170): warning:  #177-D: function "Task_VISUALSCOPE"  was declared but never referenced
  static void Task_VISUALSCOPE(void *pdata)
USER\SRC\main.c: 4 warnings, 0 errors
compiling tim3.c...
compiling usart1.c...
compiling queue.c...
compiling motor.c...
compiling param.c...
USER\SRC\param.c(104): warning:  #223-D: function "fmodf" declared implicitly
  	*angle = fmodf(*angle, 360.0f);
USER\SRC\param.c: 1 warning, 0 errors
compiling matrixkey.c...
compiling canctrllist.c...
compiling usart2.c...
USER\SRC\usart2.c(373): warning:  #177-D: variable "Time_Dly"  was declared but never referenced
  						static int Time_Dly;
USER\SRC\usart2.c: 1 warning, 0 errors
compiling tim2.c...
compiling buffer.c...
compiling VESC.c...
USER\SRC\VESC.c(123): warning:  #167-D: argument of type "volatile float *" is incompatible with parameter of type "float *"
  	utils_norm_angle(&VESCmotor[id].valueSet.angle);
USER\SRC\VESC.c: 1 warning, 0 errors
compiling filter.c...
compiling visual_scope.c...
linking...
Program Size: Code=56396 RO-data=764 RW-data=1092 ZI-data=39676  
FromELF: creating hex file...
".\Obj\project.axf" - 0 Error(s), 8 Warning(s).
Build Time Elapsed:  00:00:03
